#-----------------------------------------------------------
# Vivado v2021.1 (64-bit)
# SW Build 3247384 on Thu Jun 10 19:36:33 MDT 2021
# IP Build 3246043 on Fri Jun 11 00:30:35 MDT 2021
# Start of session at: Sun Jun  2 18:42:55 2024
# Process ID: 8964
# Current directory: D:/RISC_SPM
# Command line: vivado.exe -gui_launcher_event rodinguilauncherevent10540 D:\RISC_SPM\RISC_SPM.xpr
# Log file: D:/RISC_SPM/vivado.log
# Journal file: D:/RISC_SPM\vivado.jou
#-----------------------------------------------------------
start_gui
open_project D:/RISC_SPM/RISC_SPM.xpr
WARNING: [filemgmt 56-3] Default IP Output Path : Could not find the directory 'D:/RISC_SPM/RISC_SPM.gen/sources_1'.
Scanning sources...
Finished scanning sources
INFO: [IP_Flow 19-234] Refreshing IP repositories
INFO: [IP_Flow 19-1704] No user IP repositories specified
INFO: [IP_Flow 19-2313] Loaded Vivado IP repository 'D:/Vivado/2021.1/data/ip'.
open_project: Time (s): cpu = 00:00:23 ; elapsed = 00:00:08 . Memory (MB): peak = 1499.055 ; gain = 0.000
update_compile_order -fileset sources_1
launch_simulation
Command: launch_simulation 
INFO: [Vivado 12-12493] Simulation top is 'RISC_SPM_tb'
INFO: [Vivado 12-5682] Launching behavioral simulation in 'D:/RISC_SPM/RISC_SPM.sim/sim_1/behav/xsim'
INFO: [SIM-utils-51] Simulation object is 'sim_1'
INFO: [SIM-utils-72] Using boost library from 'D:/Vivado/2021.1/tps/boost_1_72_0'
INFO: [SIM-utils-54] Inspecting design source files for 'RISC_SPM_tb' in fileset 'sim_1'...
INFO: [USF-XSim-97] Finding global include files...
INFO: [USF-XSim-98] Fetching design files from 'sim_1'...
INFO: [USF-XSim-2] XSim::Compile design
INFO: [USF-XSim-61] Executing 'COMPILE and ANALYZE' step in 'D:/RISC_SPM/RISC_SPM.sim/sim_1/behav/xsim'
"xvhdl --incr --relax -prj RISC_SPM_tb_vhdl.prj"
INFO: [USF-XSim-69] 'compile' step finished in '2' seconds
INFO: [USF-XSim-3] XSim::Elaborate design
INFO: [USF-XSim-61] Executing 'ELABORATE' step in 'D:/RISC_SPM/RISC_SPM.sim/sim_1/behav/xsim'
"xelab -wto 062f93f8c6884bf88069f5b605a90604 --incr --debug typical --relax --mt 2 -L xil_defaultlib -L secureip --snapshot RISC_SPM_tb_behav xil_defaultlib.RISC_SPM_tb -log elaborate.log"
Vivado Simulator v2021.1
Copyright 1986-1999, 2001-2021 Xilinx, Inc. All Rights Reserved.
Running: D:/Vivado/2021.1/bin/unwrapped/win64.o/xelab.exe -wto 062f93f8c6884bf88069f5b605a90604 --incr --debug typical --relax --mt 2 -L xil_defaultlib -L secureip --snapshot RISC_SPM_tb_behav xil_defaultlib.RISC_SPM_tb -log elaborate.log 
Using 2 slave threads.
Starting static elaboration
Completed static elaboration
INFO: [XSIM 43-4323] No Change in HDL. Linking previously generated obj files to create kernel
INFO: [USF-XSim-69] 'elaborate' step finished in '2' seconds
INFO: [USF-XSim-4] XSim::Simulate design
INFO: [USF-XSim-61] Executing 'SIMULATE' step in 'D:/RISC_SPM/RISC_SPM.sim/sim_1/behav/xsim'
INFO: [USF-XSim-98] *** Running xsim
   with args "RISC_SPM_tb_behav -key {Behavioral:sim_1:Functional:RISC_SPM_tb} -tclbatch {RISC_SPM_tb.tcl} -log {simulate.log}"
INFO: [USF-XSim-8] Loading simulator feature
Time resolution is 1 ps
source RISC_SPM_tb.tcl
# set curr_wave [current_wave_config]
# if { [string length $curr_wave] == 0 } {
#   if { [llength [get_objects]] > 0} {
#     add_wave /
#     set_property needs_save false [current_wave_config]
#   } else {
#      send_msg_id Add_Wave-1 WARNING "No top level signals found. Simulator will start without a wave window. If you want to open a wave window go to 'File->New Waveform Configuration' or type 'create_wave_config' in the TCL console."
#   }
# }
# run 1000ns
INFO: [USF-XSim-96] XSim completed. Design snapshot 'RISC_SPM_tb_behav' loaded.
INFO: [USF-XSim-97] XSim simulation ran for 1000ns
launch_simulation: Time (s): cpu = 00:00:13 ; elapsed = 00:00:09 . Memory (MB): peak = 1499.055 ; gain = 0.000
close_sim
INFO: [Simtcl 6-16] Simulation closed
close_sim: Time (s): cpu = 00:00:04 ; elapsed = 00:00:06 . Memory (MB): peak = 1499.055 ; gain = 0.000
exit
INFO: [Common 17-206] Exiting Vivado at Sun Jun  2 18:44:40 2024...
